[14:03:08] [info] info: Starting server in development mode...
[14:03:59] [info] info: Starting server in development mode...
[14:08:01] [info] info: Starting server in development mode...
[14:08:03] [info] info: Starting server in development mode...
[14:08:22] [info] info: Starting server in development mode...
[14:08:34] [info] info: Starting server in development mode...
[14:08:34] [info] info: Server is running on port 5000
[14:09:30] [info] info: Starting server in development mode...
[14:09:30] [info] info: Server is running on port 5000
[14:09:36] [info] info: Starting server in development mode...
[14:09:36] [info] info: Server is running on port 5000
[14:09:42] [info] info: Starting server in development mode...
[14:09:42] [info] info: Server is running on port 5000
[14:09:43] [info] info: Starting server in development mode...
[14:09:43] [info] info: Server is running on port 5000
[14:09:55] [info] info: Starting server in development mode...
[14:09:55] [info] info: Server is running on port 5000
[14:09:57] [info] info: Starting server in development mode...
[14:09:57] [info] info: Server is running on port 5000
[14:39:02] info [.\D:\projects_setup\backend_setup\src\server.ts] : Starting server in development mode...
[14:39:02] info [.\D:\projects_setup\backend_setup\src\server.ts] : Server is running on port 5000
[14:39:15] info [.\D:\projects_setup\backend_setup\src\server.ts] : Starting server in development mode...
[14:39:15] info [.\D:\projects_setup\backend_setup\src\server.ts] : Server is running on port 5000
[14:41:51] info [.\D:\projects_setup\backend_setup\src\server.ts] : Starting server in development mode...
[14:41:51] info [.\D:\projects_setup\backend_setup\src\server.ts] : Server is running on port 5000
[14:42:47] info [.\D:\projects_setup\backend_setup\src\server.ts] : Starting server in development mode...
[14:42:47] info [.\D:\projects_setup\backend_setup\src\server.ts] : Server is running on port 5000
[14:42:49] info [.\D:\projects_setup\backend_setup\src\server.ts] : Starting server in development mode...
[14:42:49] info [.\D:\projects_setup\backend_setup\src\server.ts] : Server is running on port 5000
[14:42:52] info [.\D:\projects_setup\backend_setup\src\server.ts] : Starting server in development mode...
[14:42:52] info [.\D:\projects_setup\backend_setup\src\server.ts] : Server is running on port 5000
[14:42:59] info [.\D:\projects_setup\backend_setup\src\server.ts] : Starting server in development mode...
[14:42:59] info [.\D:\projects_setup\backend_setup\src\server.ts] : Server is running on port 5000
[14:43:01] info [.\D:\projects_setup\backend_setup\src\server.ts] : Starting server in development mode...
[14:43:01] info [.\D:\projects_setup\backend_setup\src\server.ts] : Server is running on port 5000
[14:43:12] info [.\D:\projects_setup\backend_setup\src\server.ts] : Starting server in development mode...
[14:43:12] info [.\D:\projects_setup\backend_setup\src\server.ts] : Server is running on port 5000
[14:43:14] info [.\D:\projects_setup\backend_setup\src\server.ts] : Starting server in development mode...
[14:43:14] info [.\D:\projects_setup\backend_setup\src\server.ts] : Server is running on port 5000
[14:43:16] info [.\D:\projects_setup\backend_setup\src\server.ts] : Starting server in development mode...
[14:43:16] info [.\D:\projects_setup\backend_setup\src\server.ts] : Server is running on port 5000
[14:43:56] info [.\D:\projects_setup\backend_setup\src\server.ts] : Starting server in development mode...
[14:43:56] info [.\D:\projects_setup\backend_setup\src\server.ts] : Server is running on port 5000
[14:44:08] info [.\D:\projects_setup\backend_setup\src\server.ts] : Starting server in development mode...
[14:44:08] info [.\D:\projects_setup\backend_setup\src\server.ts] : Server is running on port 5000
[14:44:15] info [.\D:\projects_setup\backend_setup\src\server.ts] : Starting server in development mode...
[14:44:15] info [.\D:\projects_setup\backend_setup\src\server.ts] : Server is running on port 5000
[02:45:33 PM] info [.\D:\projects_setup\backend_setup\src\server.ts] : Starting server in development mode...
[02:45:33 PM] info [.\D:\projects_setup\backend_setup\src\server.ts] : Server is running on port 5000
[02:45:38 PM] info [.\D:\projects_setup\backend_setup\src\server.ts] : Starting server in development mode...
[02:45:38 PM] info [.\D:\projects_setup\backend_setup\src\server.ts] : Server is running on port 5000
[02:45:49 PM] info [.\D:\projects_setup\backend_setup\src\server.ts] : Starting server in development mode...
[02:45:49 PM] info [.\D:\projects_setup\backend_setup\src\server.ts] : Server is running on port 5000
[02:47:29 PM] info [.\D:\projects_setup\backend_setup\src\server.ts] : Starting server in development mode...
[02:47:29 PM] info [.\D:\projects_setup\backend_setup\src\server.ts] : Server is running on port 5000
[02:48:22 PM] info [.\D:\projects_setup\backend_setup\src\server.ts] : Starting server in development mode...
[02:48:22 PM] info [.\D:\projects_setup\backend_setup\src\server.ts] : Server is running on port 5000
[02:48:27 PM] info [.\D:\projects_setup\backend_setup\src\server.ts] : Starting server in development mode...
[02:48:27 PM] info [.\D:\projects_setup\backend_setup\src\server.ts] : Server is running on port 5000
[02:48:32 PM] info [.\D:\projects_setup\backend_setup\src\server.ts] : Starting server in development mode...
[02:48:32 PM] info [.\D:\projects_setup\backend_setup\src\server.ts] : Server is running on port 5000
[02:49:36 PM] info [.\D:\projects_setup\backend_setup\src\server.ts] : Starting server in production mode...
[02:49:36 PM] info [.\D:\projects_setup\backend_setup\src\server.ts] : Server is running on port 5000
[02:50:28 PM] info [.\D:\projects_setup\backend_setup\src\server.ts] : Starting server in development mode...
[02:50:28 PM] info [.\D:\projects_setup\backend_setup\src\server.ts] : Server is running on port 5000
[02:50:40 PM] info [.\D:\projects_setup\backend_setup\src\server.ts] : Starting server in development mode...
[02:50:40 PM] info [.\D:\projects_setup\backend_setup\src\server.ts] : Server is running on port 5000
